<?xml version="1.0" encoding="UTF-8"?>
<testsuite name="website.skylorbeck.curatorbot.MainTest" tests="1" skipped="0" failures="0" errors="0" timestamp="2022-01-13T17:49:16" hostname="MAELSTROM3" time="0.011">
  <properties/>
  <testcase name="main()" classname="website.skylorbeck.curatorbot.MainTest" time="0.011"/>
  <system-out><![CDATA[]]></system-out>
  <system-err><![CDATA[]]></system-err>
</testsuite>
